<?xml version="1.0" encoding="UTF-8"?>
<testng-results ignored="0" total="1" passed="1" failed="0" skipped="0">
  <reporter-output>
  </reporter-output>
  <suite started-at="2022-08-23T13:30:23 WIB" name="Default suite" finished-at="2022-08-23T13:30:37 WIB" duration-ms="13019">
    <groups>
    </groups>
    <test started-at="2022-08-23T13:30:23 WIB" name="Default test" finished-at="2022-08-23T13:30:37 WIB" duration-ms="13019">
      <class name="com.juaracoding.pageobject.TestRandomPokemon">
        <test-method is-config="true" signature="setUp()[pri:0, instance:com.juaracoding.pageobject.TestRandomPokemon@3c419631]" started-at="2022-08-23T13:30:24 WIB" name="setUp" finished-at="2022-08-23T13:30:30 WIB" duration-ms="6866" status="PASS">
          <reporter-output>
          </reporter-output>
        </test-method> <!-- setUp -->
        <test-method is-config="true" signature="pageObject()[pri:0, instance:com.juaracoding.pageobject.TestRandomPokemon@3c419631]" started-at="2022-08-23T13:30:30 WIB" name="pageObject" finished-at="2022-08-23T13:30:31 WIB" duration-ms="144" status="PASS">
          <reporter-output>
          </reporter-output>
        </test-method> <!-- pageObject -->
        <test-method signature="testGeneratePokemon()[pri:0, instance:com.juaracoding.pageobject.TestRandomPokemon@3c419631]" started-at="2022-08-23T13:30:31 WIB" name="testGeneratePokemon" finished-at="2022-08-23T13:30:31 WIB" duration-ms="749" status="PASS">
          <reporter-output>
          </reporter-output>
        </test-method> <!-- testGeneratePokemon -->
        <test-method is-config="true" signature="closeBrowser()[pri:0, instance:com.juaracoding.pageobject.TestRandomPokemon@3c419631]" started-at="2022-08-23T13:30:31 WIB" name="closeBrowser" finished-at="2022-08-23T13:30:37 WIB" duration-ms="5171" status="PASS">
          <reporter-output>
          </reporter-output>
        </test-method> <!-- closeBrowser -->
      </class> <!-- com.juaracoding.pageobject.TestRandomPokemon -->
    </test> <!-- Default test -->
  </suite> <!-- Default suite -->
</testng-results>
